<?xml version="1.0" encoding="UTF-8"?>
<testng-results skipped="0" failed="0" ignored="0" total="1" passed="1">
  <reporter-output>
  </reporter-output>
  <suite name="Suite" duration-ms="2216" started-at="2021-06-05T08:54:28Z" finished-at="2021-06-05T08:54:30Z">
    <groups>
    </groups>
    <test name="Test" duration-ms="2216" started-at="2021-06-05T08:54:28Z" finished-at="2021-06-05T08:54:30Z">
      <class name="test.FacebookLogin">
        <test-method status="PASS" signature="setup()[pri:0, instance:test.FacebookLogin@30a3107a]" name="setup" is-config="true" duration-ms="1687" started-at="2021-06-05T08:54:28Z" finished-at="2021-06-05T08:54:30Z">
          <reporter-output>
          </reporter-output>
        </test-method> <!-- setup -->
        <test-method status="PASS" signature="login(java.lang.String, java.lang.String)[pri:0, instance:test.FacebookLogin@30a3107a]" name="login" duration-ms="504" started-at="2021-06-05T08:54:30Z" finished-at="2021-06-05T08:54:30Z">
          <params>
            <param index="0">
              <value>
                <![CDATA[ashwin@fullstack.com]]>
              </value>
            </param>
            <param index="1">
              <value>
                <![CDATA[ashwin@fullstack]]>
              </value>
            </param>
          </params>
          <reporter-output>
          </reporter-output>
        </test-method> <!-- login -->
      </class> <!-- test.FacebookLogin -->
    </test> <!-- Test -->
  </suite> <!-- Suite -->
</testng-results>
